<?xml version="1.0" encoding="UTF-8"?>
<!-- Generated by org.testng.reporters.JUnitXMLReporter -->
<testsuite ignored="0" hostname="Harishs-Air.domain.name" failures="0" tests="3" name="Test1" time="0.131" errors="0" timestamp="2024-06-06T14:20:26 IST">
  <testcase classname="Selenium.interviewqs.ParrallelTest" name="M2" time="0.028"/>
  <testcase classname="Selenium.interviewqs.ParrallelTest" name="M3" time="0.028"/>
  <testcase classname="Selenium.interviewqs.ParrallelTest" name="M1" time="0.028"/>
</testsuite> <!-- Test1 -->
