<?xml version="1.0" encoding="UTF-8"?>
<!-- Generated by org.testng.reporters.JUnitXMLReporter -->
<testsuite ignored="0" hostname="Harishs-Air.domain.name" failures="0" tests="3" name="Test3" time="0.163" errors="0" timestamp="2024-06-06T13:56:42 IST">
  <testcase classname="Selenium.interviewqs.ParallelTest3" name="M1" time="0.019"/>
  <testcase classname="Selenium.interviewqs.ParallelTest3" name="M2" time="0.004"/>
  <testcase classname="Selenium.interviewqs.ParallelTest3" name="M3" time="0.006"/>
</testsuite> <!-- Test3 -->
