<?xml version="1.0" encoding="UTF-8"?>
<testng-results ignored="0" total="2" passed="2" failed="0" skipped="0">
  <reporter-output>
  </reporter-output>
  <suite started-at="2024-06-07T20:10:10 IST" name="Default suite" finished-at="2024-06-07T20:10:57 IST" duration-ms="47046">
    <groups>
    </groups>
    <test started-at="2024-06-07T20:10:10 IST" name="Default test" finished-at="2024-06-07T20:10:57 IST" duration-ms="47046">
      <class name="Extentreports.ExtentreportsClass">
        <test-method is-config="true" signature="generatereport()[pri:0, instance:Extentreports.ExtentreportsClass@5f058f00]" started-at="2024-06-07T20:10:10 IST" name="generatereport" finished-at="2024-06-07T20:10:11 IST" duration-ms="247" status="PASS">
          <reporter-output>
          </reporter-output>
        </test-method> <!-- generatereport -->
        <test-method is-config="true" signature="google()[pri:0, instance:Extentreports.ExtentreportsClass@5f058f00]" started-at="2024-06-07T20:10:11 IST" name="google" finished-at="2024-06-07T20:10:32 IST" duration-ms="21202" status="PASS">
          <reporter-output>
          </reporter-output>
        </test-method> <!-- google -->
        <test-method signature="fail()[pri:0, instance:Extentreports.ExtentreportsClass@5f058f00]" started-at="2024-06-07T20:10:32 IST" name="fail" finished-at="2024-06-07T20:10:36 IST" duration-ms="4051" status="PASS">
          <reporter-output>
          </reporter-output>
        </test-method> <!-- fail -->
        <test-method is-config="true" signature="teardown()[pri:0, instance:Extentreports.ExtentreportsClass@5f058f00]" started-at="2024-06-07T20:10:36 IST" name="teardown" finished-at="2024-06-07T20:10:37 IST" duration-ms="811" status="PASS">
          <reporter-output>
          </reporter-output>
        </test-method> <!-- teardown -->
        <test-method is-config="true" signature="google()[pri:0, instance:Extentreports.ExtentreportsClass@5f058f00]" started-at="2024-06-07T20:10:37 IST" name="google" finished-at="2024-06-07T20:10:57 IST" duration-ms="20385" status="PASS">
          <reporter-output>
          </reporter-output>
        </test-method> <!-- google -->
        <test-method signature="report()[pri:0, instance:Extentreports.ExtentreportsClass@5f058f00]" started-at="2024-06-07T20:10:57 IST" name="report" finished-at="2024-06-07T20:10:57 IST" duration-ms="26" status="PASS">
          <reporter-output>
          </reporter-output>
        </test-method> <!-- report -->
        <test-method is-config="true" signature="teardown()[pri:0, instance:Extentreports.ExtentreportsClass@5f058f00]" started-at="2024-06-07T20:10:57 IST" name="teardown" finished-at="2024-06-07T20:10:57 IST" duration-ms="254" status="PASS">
          <reporter-output>
          </reporter-output>
        </test-method> <!-- teardown -->
      </class> <!-- Extentreports.ExtentreportsClass -->
    </test> <!-- Default test -->
  </suite> <!-- Default suite -->
</testng-results>
